<?xml version="1.0" encoding="UTF-8" ?>
<testsuite tests="54" failures="0" name="TestSuite" time="0.03" errors="0" skipped="0">
  <properties>
    <property name="idea.version" value="2020.2.1"/>
    <property name="java.runtime.name" value="OpenJDK Runtime Environment"/>
    <property name="java.vm.version" value="14.0.2+12-46"/>
    <property name="sun.boot.library.path" value="D:\Jetbrains\JDK\bin"/>
    <property name="maven.multiModuleProjectDirectory" value="C:\Users\Ян\Desktop\EpamFinalProject"/>
    <property name="java.vm.vendor" value="Oracle Corporation"/>
    <property name="java.vendor.url" value="https://java.oracle.com/"/>
    <property name="guice.disable.misplaced.annotation.check" value="true"/>
    <property name="path.separator" value=";"/>
    <property name="java.vm.name" value="OpenJDK 64-Bit Server VM"/>
    <property name="sun.os.patch.level" value=""/>
    <property name="user.script" value=""/>
    <property name="user.country" value="RU"/>
    <property name="sun.java.launcher" value="SUN_STANDARD"/>
    <property name="java.vm.specification.name" value="Java Virtual Machine Specification"/>
    <property name="user.dir" value="C:\Users\Ян\Desktop\EpamFinalProject"/>
    <property name="java.vm.compressedOopsMode" value="32-bit"/>
    <property name="java.runtime.version" value="14.0.2+12-46"/>
    <property name="os.arch" value="amd64"/>
    <property name="java.io.tmpdir" value="C:\Users\8DFF~1\AppData\Local\Temp\"/>
    <property name="line.separator" value="
"/>
    <property name="java.vm.specification.vendor" value="Oracle Corporation"/>
    <property name="user.variant" value=""/>
    <property name="os.name" value="Windows 10"/>
    <property name="maven.ext.class.path" value="D:\Jetbrains\IntelliJ IDEA 2020.2.1\plugins\maven\lib\maven-event-listener.jar"/>
    <property name="classworlds.conf" value="D:\Jetbrains\IntelliJ IDEA 2020.2.1\plugins\maven\lib\maven3\bin\m2.conf"/>
    <property name="sun.jnu.encoding" value="Cp1251"/>
    <property name="java.library.path" value="D:\Jetbrains\JDK\bin;C:\Windows\Sun\Java\bin;C:\Windows\system32;C:\Windows;C:\Windows\system32;C:\Windows;C:\Windows\System32\Wbem;C:\Windows\System32\WindowsPowerShell\v1.0\;C:\Windows\System32\OpenSSH\;C:\Program Files (x86)\NVIDIA Corporation\PhysX\Common;D:\Git\cmd;D:\Node\;C:\Users\Ян\AppData\Local\Microsoft\WindowsApps;;D:\Visual Studio Code\Microsoft VS Code\bin;C:\Users\Ян\AppData\Roaming\npm;."/>
    <property name="maven.conf" value="D:\Jetbrains\IntelliJ IDEA 2020.2.1\plugins\maven\lib\maven3/conf"/>
    <property name="jdk.debug" value="release"/>
    <property name="java.class.version" value="58.0"/>
    <property name="java.specification.name" value="Java Platform API Specification"/>
    <property name="sun.management.compiler" value="HotSpot 64-Bit Tiered Compilers"/>
    <property name="os.version" value="10.0"/>
    <property name="user.home" value="C:\Users\Ян"/>
    <property name="user.timezone" value="Europe/Moscow"/>
    <property name="file.encoding" value="UTF-8"/>
    <property name="java.specification.version" value="14"/>
    <property name="user.name" value="Ян"/>
    <property name="java.class.path" value="D:\Jetbrains\IntelliJ IDEA 2020.2.1\plugins\maven\lib\maven3\boot\plexus-classworlds-2.6.0.jar;D:\Jetbrains\IntelliJ IDEA 2020.2.1\plugins\maven\lib\maven3\boot\plexus-classworlds.license"/>
    <property name="java.vm.specification.version" value="14"/>
    <property name="sun.arch.data.model" value="64"/>
    <property name="sun.java.command" value="org.codehaus.classworlds.Launcher -Didea.version=2020.2.1 package"/>
    <property name="java.home" value="D:\Jetbrains\JDK"/>
    <property name="user.language" value="ru"/>
    <property name="java.specification.vendor" value="Oracle Corporation"/>
    <property name="java.vm.info" value="mixed mode, sharing"/>
    <property name="java.version" value="14.0.2"/>
    <property name="java.vendor" value="Oracle Corporation"/>
    <property name="maven.home" value="D:\Jetbrains\IntelliJ IDEA 2020.2.1\plugins\maven\lib\maven3"/>
    <property name="file.separator" value="\"/>
    <property name="java.version.date" value="2020-07-14"/>
    <property name="java.vendor.url.bug" value="https://bugreport.java.com/bugreport/"/>
    <property name="sun.io.unicode.encoding" value="UnicodeLittle"/>
    <property name="sun.cpu.endian" value="little"/>
    <property name="sun.cpu.isalist" value="amd64"/>
  </properties>
  <testcase classname="com.traulko.project.validator.OrderItemValidatorTest" name="isIdValidNegativeTest" time="0.009"/>
  <testcase classname="com.traulko.project.validator.OrderItemValidatorTest" name="isIdValidNegativeTest" time="0"/>
  <testcase classname="com.traulko.project.validator.OrderItemValidatorTest" name="isIdValidNegativeTest" time="0"/>
  <testcase classname="com.traulko.project.validator.OrderItemValidatorTest" name="isIdValidNegativeTest" time="0"/>
  <testcase classname="com.traulko.project.validator.OrderItemValidatorTest" name="isIdValidNegativeTest" time="0"/>
  <testcase classname="com.traulko.project.validator.OrderItemValidatorTest" name="isIdValidNegativeTest" time="0"/>
  <testcase classname="com.traulko.project.validator.OrderItemValidatorTest" name="isIdValidPositiveTest" time="0"/>
  <testcase classname="com.traulko.project.validator.OrderItemValidatorTest" name="isIdValidPositiveTest" time="0.001"/>
  <testcase classname="com.traulko.project.validator.OrderItemValidatorTest" name="isIdValidPositiveTest" time="0.001"/>
  <testcase classname="com.traulko.project.validator.OrderValidatorTest" name="isIdValidNegativeTest" time="0.001"/>
  <testcase classname="com.traulko.project.validator.OrderValidatorTest" name="isIdValidNegativeTest" time="0.001"/>
  <testcase classname="com.traulko.project.validator.OrderValidatorTest" name="isIdValidNegativeTest" time="0"/>
  <testcase classname="com.traulko.project.validator.OrderValidatorTest" name="isIdValidNegativeTest" time="0.001"/>
  <testcase classname="com.traulko.project.validator.OrderValidatorTest" name="isIdValidNegativeTest" time="0"/>
  <testcase classname="com.traulko.project.validator.OrderValidatorTest" name="isIdValidNegativeTest" time="0"/>
  <testcase classname="com.traulko.project.validator.OrderValidatorTest" name="isIdValidPositiveTest" time="0"/>
  <testcase classname="com.traulko.project.validator.OrderValidatorTest" name="isIdValidPositiveTest" time="0.001"/>
  <testcase classname="com.traulko.project.validator.OrderValidatorTest" name="isIdValidPositiveTest" time="0"/>
  <testcase classname="com.traulko.project.validator.ProductValidatorTest" name="isDescriptionValidNegativeTest" time="0.003"/>
  <testcase classname="com.traulko.project.validator.ProductValidatorTest" name="isDescriptionValidNegativeTest" time="0"/>
  <testcase classname="com.traulko.project.validator.ProductValidatorTest" name="isDescriptionValidNegativeTest" time="0.001"/>
  <testcase classname="com.traulko.project.validator.ProductValidatorTest" name="isDescriptionValidNegativeTest" time="0"/>
  <testcase classname="com.traulko.project.validator.ProductValidatorTest" name="isDescriptionValidNegativeTest" time="0"/>
  <testcase classname="com.traulko.project.validator.ProductValidatorTest" name="isDescriptionValidPositiveTest" time="0.001"/>
  <testcase classname="com.traulko.project.validator.ProductValidatorTest" name="isDescriptionValidPositiveTest" time="0.001"/>
  <testcase classname="com.traulko.project.validator.ProductValidatorTest" name="isDescriptionValidPositiveTest" time="0"/>
  <testcase classname="com.traulko.project.validator.ProductValidatorTest" name="isIdValidNegativeTest" time="0"/>
  <testcase classname="com.traulko.project.validator.ProductValidatorTest" name="isIdValidNegativeTest" time="0"/>
  <testcase classname="com.traulko.project.validator.ProductValidatorTest" name="isIdValidNegativeTest" time="0"/>
  <testcase classname="com.traulko.project.validator.ProductValidatorTest" name="isIdValidNegativeTest" time="0"/>
  <testcase classname="com.traulko.project.validator.ProductValidatorTest" name="isIdValidNegativeTest" time="0"/>
  <testcase classname="com.traulko.project.validator.ProductValidatorTest" name="isIdValidNegativeTest" time="0"/>
  <testcase classname="com.traulko.project.validator.ProductValidatorTest" name="isIdValidPositiveTest" time="0"/>
  <testcase classname="com.traulko.project.validator.ProductValidatorTest" name="isIdValidPositiveTest" time="0"/>
  <testcase classname="com.traulko.project.validator.ProductValidatorTest" name="isIdValidPositiveTest" time="0"/>
  <testcase classname="com.traulko.project.validator.ProductValidatorTest" name="isPriceValidNegativeTest" time="0.001"/>
  <testcase classname="com.traulko.project.validator.ProductValidatorTest" name="isPriceValidNegativeTest" time="0"/>
  <testcase classname="com.traulko.project.validator.ProductValidatorTest" name="isPriceValidNegativeTest" time="0"/>
  <testcase classname="com.traulko.project.validator.ProductValidatorTest" name="isPriceValidNegativeTest" time="0"/>
  <testcase classname="com.traulko.project.validator.ProductValidatorTest" name="isPriceValidNegativeTest" time="0"/>
  <testcase classname="com.traulko.project.validator.ProductValidatorTest" name="isPriceValidNegativeTest" time="0.001"/>
  <testcase classname="com.traulko.project.validator.ProductValidatorTest" name="isPriceValidPositiveTest" time="0.001"/>
  <testcase classname="com.traulko.project.validator.ProductValidatorTest" name="isPriceValidPositiveTest" time="0.001"/>
  <testcase classname="com.traulko.project.validator.ProductValidatorTest" name="isPriceValidPositiveTest" time="0"/>
  <testcase classname="com.traulko.project.validator.ProductValidatorTest" name="isPriceValidPositiveTest" time="0.003"/>
  <testcase classname="com.traulko.project.validator.ProductValidatorTest" name="isTitleValidNegativeTest" time="0"/>
  <testcase classname="com.traulko.project.validator.ProductValidatorTest" name="isTitleValidNegativeTest" time="0"/>
  <testcase classname="com.traulko.project.validator.ProductValidatorTest" name="isTitleValidNegativeTest" time="0"/>
  <testcase classname="com.traulko.project.validator.ProductValidatorTest" name="isTitleValidNegativeTest" time="0"/>
  <testcase classname="com.traulko.project.validator.ProductValidatorTest" name="isTitleValidNegativeTest" time="0"/>
  <testcase classname="com.traulko.project.validator.ProductValidatorTest" name="isTitleValidNegativeTest" time="0.001"/>
  <testcase classname="com.traulko.project.validator.ProductValidatorTest" name="isTitleValidPositiveTest" time="0"/>
  <testcase classname="com.traulko.project.validator.ProductValidatorTest" name="isTitleValidPositiveTest" time="0.001"/>
  <testcase classname="com.traulko.project.validator.ProductValidatorTest" name="isTitleValidPositiveTest" time="0"/>
</testsuite>