<?xml version="1.0" encoding="UTF-8"?>
<!-- Generated by org.testng.reporters.JUnitReportReporter -->
<testsuite hostname="DESKTOP-MV4BC0H" failures="0" tests="36" name="com.traulko.project.validator.ProductValidatorTest" time="0.009" errors="0" timestamp="2020-11-16T17:24:18 MSK" skipped="0">
  <testcase classname="com.traulko.project.validator.ProductValidatorTest" name="isTitleValidPositiveTest" time="0.000"/>
  <system-out/>
  <testcase classname="com.traulko.project.validator.ProductValidatorTest" name="isTitleValidNegativeTest" time="0.000"/>
  <system-out/>
  <testcase classname="com.traulko.project.validator.ProductValidatorTest" name="isIdValidNegativeTest" time="0.000"/>
  <system-out/>
  <testcase classname="com.traulko.project.validator.ProductValidatorTest" name="isIdValidPositiveTest" time="0.000"/>
  <system-out/>
  <testcase classname="com.traulko.project.validator.ProductValidatorTest" name="isIdValidNegativeTest" time="0.000"/>
  <system-out/>
  <testcase classname="com.traulko.project.validator.ProductValidatorTest" name="isPriceValidNegativeTest" time="0.000"/>
  <system-out/>
  <testcase classname="com.traulko.project.validator.ProductValidatorTest" name="isDescriptionValidNegativeTest" time="0.000"/>
  <system-out/>
  <testcase classname="com.traulko.project.validator.ProductValidatorTest" name="isTitleValidPositiveTest" time="0.001"/>
  <system-out/>
  <testcase classname="com.traulko.project.validator.ProductValidatorTest" name="isPriceValidNegativeTest" time="0.001"/>
  <system-out/>
  <testcase classname="com.traulko.project.validator.ProductValidatorTest" name="isTitleValidNegativeTest" time="0.001"/>
  <system-out/>
  <testcase classname="com.traulko.project.validator.ProductValidatorTest" name="isDescriptionValidNegativeTest" time="0.000"/>
  <system-out/>
  <testcase classname="com.traulko.project.validator.ProductValidatorTest" name="isIdValidNegativeTest" time="0.000"/>
  <system-out/>
  <testcase classname="com.traulko.project.validator.ProductValidatorTest" name="isTitleValidPositiveTest" time="0.000"/>
  <system-out/>
  <testcase classname="com.traulko.project.validator.ProductValidatorTest" name="isIdValidNegativeTest" time="0.000"/>
  <system-out/>
  <testcase classname="com.traulko.project.validator.ProductValidatorTest" name="isDescriptionValidNegativeTest" time="0.003"/>
  <system-out/>
  <testcase classname="com.traulko.project.validator.ProductValidatorTest" name="isTitleValidNegativeTest" time="0.000"/>
  <system-out/>
  <testcase classname="com.traulko.project.validator.ProductValidatorTest" name="isPriceValidPositiveTest" time="0.000"/>
  <system-out/>
  <testcase classname="com.traulko.project.validator.ProductValidatorTest" name="isDescriptionValidNegativeTest" time="0.001"/>
  <system-out/>
  <testcase classname="com.traulko.project.validator.ProductValidatorTest" name="isTitleValidNegativeTest" time="0.000"/>
  <system-out/>
  <testcase classname="com.traulko.project.validator.ProductValidatorTest" name="isDescriptionValidPositiveTest" time="0.000"/>
  <system-out/>
  <testcase classname="com.traulko.project.validator.ProductValidatorTest" name="isTitleValidNegativeTest" time="0.000"/>
  <system-out/>
  <testcase classname="com.traulko.project.validator.ProductValidatorTest" name="isIdValidPositiveTest" time="0.001"/>
  <system-out/>
  <testcase classname="com.traulko.project.validator.ProductValidatorTest" name="isPriceValidNegativeTest" time="0.000"/>
  <system-out/>
  <testcase classname="com.traulko.project.validator.ProductValidatorTest" name="isPriceValidNegativeTest" time="0.000"/>
  <system-out/>
  <testcase classname="com.traulko.project.validator.ProductValidatorTest" name="isPriceValidPositiveTest" time="0.000"/>
  <system-out/>
  <testcase classname="com.traulko.project.validator.ProductValidatorTest" name="isDescriptionValidPositiveTest" time="0.000"/>
  <system-out/>
  <testcase classname="com.traulko.project.validator.ProductValidatorTest" name="isDescriptionValidPositiveTest" time="0.000"/>
  <system-out/>
  <testcase classname="com.traulko.project.validator.ProductValidatorTest" name="isIdValidNegativeTest" time="0.001"/>
  <system-out/>
  <testcase classname="com.traulko.project.validator.ProductValidatorTest" name="isTitleValidNegativeTest" time="0.000"/>
  <system-out/>
  <testcase classname="com.traulko.project.validator.ProductValidatorTest" name="isPriceValidNegativeTest" time="0.000"/>
  <system-out/>
  <testcase classname="com.traulko.project.validator.ProductValidatorTest" name="isDescriptionValidNegativeTest" time="0.000"/>
  <system-out/>
  <testcase classname="com.traulko.project.validator.ProductValidatorTest" name="isPriceValidNegativeTest" time="0.000"/>
  <system-out/>
  <testcase classname="com.traulko.project.validator.ProductValidatorTest" name="isPriceValidPositiveTest" time="0.000"/>
  <system-out/>
  <testcase classname="com.traulko.project.validator.ProductValidatorTest" name="isIdValidNegativeTest" time="0.000"/>
  <system-out/>
  <testcase classname="com.traulko.project.validator.ProductValidatorTest" name="isPriceValidPositiveTest" time="0.000"/>
  <system-out/>
  <testcase classname="com.traulko.project.validator.ProductValidatorTest" name="isIdValidPositiveTest" time="0.000"/>
  <system-out/>
</testsuite> <!-- com.traulko.project.validator.ProductValidatorTest -->
