<?xml version="1.0" encoding="UTF-8"?>
<!-- Generated by org.testng.reporters.JUnitReportReporter -->
<testsuite hostname="DESKTOP-MV4BC0H" failures="0" tests="3" name="DomParserTest" time="0.870" errors="0" timestamp="2020-10-29T09:41:52 MSK" skipped="0">
  <testcase classname="DomParserTest" name="getDataExceptionTest" time="0.802"/>
  <system-out/>
  <testcase classname="DomParserTest" name="getDataNegativeTest" time="0.040"/>
  <system-out/>
  <testcase classname="DomParserTest" name="getDataPositiveTest" time="0.028"/>
  <system-out/>
</testsuite> <!-- DomParserTest -->
