<?xml version="1.0" encoding="UTF-8"?>
<!-- Generated by org.testng.reporters.JUnitReportReporter -->
<testsuite hostname="DESKTOP-MV4BC0H" failures="0" tests="9" name="com.traulko.project.validator.OrderItemValidatorTest" time="0.011" errors="0" timestamp="2020-11-16T17:24:18 MSK" skipped="0">
  <testcase classname="com.traulko.project.validator.OrderItemValidatorTest" name="isIdValidNegativeTest" time="0.000"/>
  <system-out/>
  <testcase classname="com.traulko.project.validator.OrderItemValidatorTest" name="isIdValidNegativeTest" time="0.001"/>
  <system-out/>
  <testcase classname="com.traulko.project.validator.OrderItemValidatorTest" name="isIdValidNegativeTest" time="0.001"/>
  <system-out/>
  <testcase classname="com.traulko.project.validator.OrderItemValidatorTest" name="isIdValidNegativeTest" time="0.001"/>
  <system-out/>
  <testcase classname="com.traulko.project.validator.OrderItemValidatorTest" name="isIdValidPositiveTest" time="0.000"/>
  <system-out/>
  <testcase classname="com.traulko.project.validator.OrderItemValidatorTest" name="isIdValidNegativeTest" time="0.001"/>
  <system-out/>
  <testcase classname="com.traulko.project.validator.OrderItemValidatorTest" name="isIdValidPositiveTest" time="0.001"/>
  <system-out/>
  <testcase classname="com.traulko.project.validator.OrderItemValidatorTest" name="isIdValidNegativeTest" time="0.006"/>
  <system-out/>
  <testcase classname="com.traulko.project.validator.OrderItemValidatorTest" name="isIdValidPositiveTest" time="0.000"/>
  <system-out/>
</testsuite> <!-- com.traulko.project.validator.OrderItemValidatorTest -->
